<?xml version="1.0" encoding="UTF-8"?>
<testng-results skipped="0" failed="0" total="1" passed="1">
  <reporter-output>
  </reporter-output>
  <suite name="Suite" duration-ms="18649" started-at="2021-04-23T13:57:29Z" finished-at="2021-04-23T13:57:48Z">
    <groups>
    </groups>
    <test name="Test" duration-ms="18649" started-at="2021-04-23T13:57:29Z" finished-at="2021-04-23T13:57:48Z">
      <class name="com.Novartis.Calculator">
        <test-method status="PASS" signature="mortgageloan()[pri:0, instance:com.Novartis.Calculator@649d209a]" name="mortgageloan" duration-ms="18473" started-at="2021-04-23T19:27:29Z" finished-at="2021-04-23T19:27:48Z">
          <reporter-output>
          </reporter-output>
        </test-method> <!-- mortgageloan -->
      </class> <!-- com.Novartis.Calculator -->
    </test> <!-- Test -->
  </suite> <!-- Suite -->
</testng-results>
